<?xml version="1.0" encoding="UTF-8"?>
<!-- Generated by org.testng.reporters.JUnitXMLReporter -->
<testsuite hostname="om12" ignored="0" name="Default test" tests="3" failures="0" timestamp="29 Oct 2018 07:34:53 GMT" time="19.107" errors="0">
  <testcase name="loginPageTitleTest" time="0.015" classname="com.gmail.qa.testcases.LoginPageTest"/>
  <testcase name="googleLogoImageTest" time="0.04" classname="com.gmail.qa.testcases.LoginPageTest"/>
  <testcase name="loginTest" time="1.086" classname="com.gmail.qa.testcases.LoginPageTest"/>
</testsuite> <!-- Default test -->
