<?xml version="1.0" encoding="UTF-8"?>
<testng-results skipped="0" failed="0" ignored="0" total="3" passed="3">
  <reporter-output>
  </reporter-output>
  <suite name="Default suite" duration-ms="19107" started-at="2018-10-29T07:34:34Z" finished-at="2018-10-29T07:34:53Z">
    <groups>
    </groups>
    <test name="Default test" duration-ms="19107" started-at="2018-10-29T07:34:34Z" finished-at="2018-10-29T07:34:53Z">
      <class name="com.gmail.qa.testcases.LoginPageTest">
        <test-method status="PASS" signature="setUp()[pri:0, instance:com.gmail.qa.testcases.LoginPageTest@4c70fda8]" name="setUp" is-config="true" duration-ms="5913" started-at="2018-10-29T13:04:34Z" finished-at="2018-10-29T13:04:40Z">
          <reporter-output>
          </reporter-output>
        </test-method> <!-- setUp -->
        <test-method status="PASS" signature="loginPageTitleTest()[pri:1, instance:com.gmail.qa.testcases.LoginPageTest@4c70fda8]" name="loginPageTitleTest" duration-ms="15" started-at="2018-10-29T13:04:40Z" finished-at="2018-10-29T13:04:40Z">
          <reporter-output>
          </reporter-output>
        </test-method> <!-- loginPageTitleTest -->
        <test-method status="PASS" signature="tearDown()[pri:0, instance:com.gmail.qa.testcases.LoginPageTest@4c70fda8]" name="tearDown" is-config="true" duration-ms="613" started-at="2018-10-29T13:04:40Z" finished-at="2018-10-29T13:04:40Z">
          <reporter-output>
          </reporter-output>
        </test-method> <!-- tearDown -->
        <test-method status="PASS" signature="setUp()[pri:0, instance:com.gmail.qa.testcases.LoginPageTest@4c70fda8]" name="setUp" is-config="true" duration-ms="5225" started-at="2018-10-29T13:04:40Z" finished-at="2018-10-29T13:04:46Z">
          <reporter-output>
          </reporter-output>
        </test-method> <!-- setUp -->
        <test-method status="PASS" signature="googleLogoImageTest()[pri:2, instance:com.gmail.qa.testcases.LoginPageTest@4c70fda8]" name="googleLogoImageTest" duration-ms="40" started-at="2018-10-29T13:04:46Z" finished-at="2018-10-29T13:04:46Z">
          <reporter-output>
          </reporter-output>
        </test-method> <!-- googleLogoImageTest -->
        <test-method status="PASS" signature="tearDown()[pri:0, instance:com.gmail.qa.testcases.LoginPageTest@4c70fda8]" name="tearDown" is-config="true" duration-ms="618" started-at="2018-10-29T13:04:46Z" finished-at="2018-10-29T13:04:46Z">
          <reporter-output>
          </reporter-output>
        </test-method> <!-- tearDown -->
        <test-method status="PASS" signature="setUp()[pri:0, instance:com.gmail.qa.testcases.LoginPageTest@4c70fda8]" name="setUp" is-config="true" duration-ms="4965" started-at="2018-10-29T13:04:46Z" finished-at="2018-10-29T13:04:51Z">
          <reporter-output>
          </reporter-output>
        </test-method> <!-- setUp -->
        <test-method status="PASS" signature="loginTest()[pri:3, instance:com.gmail.qa.testcases.LoginPageTest@4c70fda8]" name="loginTest" duration-ms="1086" started-at="2018-10-29T13:04:51Z" finished-at="2018-10-29T13:04:52Z">
          <reporter-output>
          </reporter-output>
        </test-method> <!-- loginTest -->
        <test-method status="PASS" signature="tearDown()[pri:0, instance:com.gmail.qa.testcases.LoginPageTest@4c70fda8]" name="tearDown" is-config="true" duration-ms="610" started-at="2018-10-29T13:04:52Z" finished-at="2018-10-29T13:04:53Z">
          <reporter-output>
          </reporter-output>
        </test-method> <!-- tearDown -->
      </class> <!-- com.gmail.qa.testcases.LoginPageTest -->
    </test> <!-- Default test -->
  </suite> <!-- Default suite -->
</testng-results>
